nohup: ignoring input

> frontend@1.0.0 dev /var/www/html/ai-inventory/frontend
> next dev

ready - started server on 0.0.0.0:3000, url: http://localhost:3000
event - compiled client and server successfully in 4.3s (191 modules)
wait  - compiling /sales (client and server)...
event - compiled client and server successfully in 1534 ms (520 modules)
wait  - compiling /_error (client and server)...
wait  - compiling /login (client and server)...
event - compiled client and server successfully in 379 ms (523 modules)
event - compiled client and server successfully (524 modules)
wait  - compiling /...
event - compiled client and server successfully in 472 ms (318 modules)
wait  - compiling /settings/profile...
event - compiled client and server successfully in 345 ms (321 modules)
wait  - compiling /settings/permissions (client and server)...
event - compiled client and server successfully in 205 ms (324 modules)
wait  - compiling /users...
event - compiled client and server successfully in 685 ms (535 modules)
wait  - compiling /products...
event - compiled client and server successfully in 364 ms (538 modules)
wait  - compiling /categories...
event - compiled client and server successfully in 281 ms (541 modules)
wait  - compiling /sales...
event - compiled client and server successfully in 180 ms (544 modules)
wait  - compiling /orders...
event - compiled client and server successfully in 288 ms (547 modules)
wait  - compiling /settings/profile...
event - compiled client and server successfully in 210 ms (550 modules)
wait  - compiling /inventory...
event - compiled client and server successfully in 361 ms (533 modules)
wait  - compiling /categories...
event - compiled client and server successfully in 195 ms (536 modules)
wait  - compiling /products...
event - compiled client and server successfully in 207 ms (530 modules)
wait  - compiling /users...
event - compiled client and server successfully in 172 ms (533 modules)
wait  - compiling /...
event - compiled client and server successfully in 175 ms (544 modules)
wait  - compiling...
event - compiled successfully in 1271 ms (441 modules)
wait  - compiling...
event - compiled successfully in 609 ms (441 modules)
wait  - compiling...
event - compiled client and server successfully in 1233 ms (533 modules)
wait  - compiling /_error (client and server)...
event - compiled client and server successfully in 714 ms (534 modules)
wait  - compiling...
event - compiled client and server successfully in 1930 ms (317 modules)
Could not find files for / in .next/build-manifest.json
Could not find files for / in .next/build-manifest.json
wait  - compiling /_error (client and server)...
event - compiled client and server successfully in 171 ms (318 modules)
warn  - Fast Refresh had to perform a full reload. Read more: https://nextjs.org/docs/basic-features/fast-refresh#how-it-works
wait  - compiling /products (client and server)...
event - compiled client and server successfully in 414 ms (538 modules)
wait  - compiling /users...
event - compiled client and server successfully in 191 ms (541 modules)
wait  - compiling /categories...
event - compiled client and server successfully in 444 ms (544 modules)
wait  - compiling /sales...
event - compiled client and server successfully in 397 ms (547 modules)
wait  - compiling /orders...
event - compiled client and server successfully in 206 ms (550 modules)
wait  - compiling /inventory...
event - compiled client and server successfully in 674 ms (543 modules)
wait  - compiling /orders...
event - compiled client and server successfully in 258 ms (536 modules)
wait  - compiling /sales...
event - compiled client and server successfully in 167 ms (536 modules)
wait  - compiling /categories...
event - compiled client and server successfully in 181 ms (543 modules)
wait  - compiling /inventory...
event - compiled client and server successfully in 158 ms (546 modules)
wait  - compiling /products...
event - compiled client and server successfully in 177 ms (546 modules)
wait  - compiling /users...
event - compiled client and server successfully in 149 ms (549 modules)
wait  - compiling /_error (client and server)...
event - compiled client and server successfully in 211 ms (538 modules)
wait  - compiling /login...
event - compiled client and server successfully in 395 ms (541 modules)
wait  - compiling /inventory...
event - compiled client and server successfully in 154 ms (540 modules)
wait  - compiling /categories...
event - compiled client and server successfully in 218 ms (543 modules)
wait  - compiling /sales...
event - compiled client and server successfully in 158 ms (546 modules)
wait  - compiling /orders...
event - compiled client and server successfully in 237 ms (546 modules)
wait  - compiling /orders/add...
event - compiled client and server successfully in 495 ms (539 modules)
wait  - compiling /settings/permissions...
event - compiled client and server successfully in 321 ms (539 modules)
wait  - compiling /sales...
event - compiled client and server successfully in 176 ms (539 modules)
wait  - compiling /categories...
event - compiled client and server successfully in 236 ms (546 modules)
wait  - compiling /login...
event - compiled client and server successfully in 164 ms (549 modules)
wait  - compiling /_error (client and server)...
event - compiled client and server successfully in 165 ms (541 modules)
wait  - compiling /orders...
event - compiled client and server successfully in 243 ms (540 modules)
wait  - compiling /products...
event - compiled client and server successfully in 349 ms (543 modules)
wait  - compiling /_error (client and server)...
event - compiled client and server successfully in 282 ms (541 modules)
wait  - compiling /login...
event - compiled client and server successfully in 217 ms (544 modules)
wait  - compiling...
event - compiled client and server successfully in 2.6s (317 modules)
wait  - compiling /_error (client and server)...
event - compiled client and server successfully in 240 ms (318 modules)
wait  - compiling...
event - compiled client and server successfully in 996 ms (318 modules)
Could not find files for / in .next/build-manifest.json
Could not find files for / in .next/build-manifest.json
Could not find files for / in .next/build-manifest.json
Could not find files for / in .next/build-manifest.json
Could not find files for / in .next/build-manifest.json
Could not find files for / in .next/build-manifest.json
Could not find files for / in .next/build-manifest.json
Could not find files for / in .next/build-manifest.json
Could not find files for / in .next/build-manifest.json
Could not find files for / in .next/build-manifest.json
Could not find files for / in .next/build-manifest.json
Could not find files for / in .next/build-manifest.json
Could not find files for / in .next/build-manifest.json
Could not find files for / in .next/build-manifest.json
